[1.089s] Invoking command in '/home/ilhan/ros2_ws/src/my_robot_controller': PYTHONPATH=/home/ilhan/ros2_ws/build/my_robot_controller/prefix_override:/home/ilhan/ros2_ws/install/my_robot_controller/lib/python3.10/site-packages:${PYTHONPATH} /usr/bin/python3 setup.py egg_info --egg-base ../../build/my_robot_controller build --build-base /home/ilhan/ros2_ws/build/my_robot_controller/build install --record /home/ilhan/ros2_ws/build/my_robot_controller/install.log --single-version-externally-managed
[1.576s] running egg_info
[1.577s] writing ../../build/my_robot_controller/my_robot_controller.egg-info/PKG-INFO
[1.577s] writing dependency_links to ../../build/my_robot_controller/my_robot_controller.egg-info/dependency_links.txt
[1.578s] writing entry points to ../../build/my_robot_controller/my_robot_controller.egg-info/entry_points.txt
[1.578s] writing requirements to ../../build/my_robot_controller/my_robot_controller.egg-info/requires.txt
[1.579s] writing top-level names to ../../build/my_robot_controller/my_robot_controller.egg-info/top_level.txt
[1.581s] reading manifest file '../../build/my_robot_controller/my_robot_controller.egg-info/SOURCES.txt'
[1.582s] writing manifest file '../../build/my_robot_controller/my_robot_controller.egg-info/SOURCES.txt'
[1.583s] running build
[1.583s] running build_py
[1.584s] copying my_robot_controller/my_first_node.py -> /home/ilhan/ros2_ws/build/my_robot_controller/build/lib/my_robot_controller
[1.585s] running install
[1.585s] running install_lib
[1.588s] copying /home/ilhan/ros2_ws/build/my_robot_controller/build/lib/my_robot_controller/my_first_node.py -> /home/ilhan/ros2_ws/install/my_robot_controller/lib/python3.10/site-packages/my_robot_controller
[1.590s] byte-compiling /home/ilhan/ros2_ws/install/my_robot_controller/lib/python3.10/site-packages/my_robot_controller/my_first_node.py to my_first_node.cpython-310.pyc
[1.591s] running install_data
[1.592s] running install_egg_info
[1.597s] removing '/home/ilhan/ros2_ws/install/my_robot_controller/lib/python3.10/site-packages/my_robot_controller-0.0.0-py3.10.egg-info' (and everything under it)
[1.598s] Copying ../../build/my_robot_controller/my_robot_controller.egg-info to /home/ilhan/ros2_ws/install/my_robot_controller/lib/python3.10/site-packages/my_robot_controller-0.0.0-py3.10.egg-info
[1.600s] running install_scripts
[1.628s] Installing test_node script to /home/ilhan/ros2_ws/install/my_robot_controller/lib/my_robot_controller
[1.629s] writing list of installed files to '/home/ilhan/ros2_ws/build/my_robot_controller/install.log'
[1.673s] Invoked command in '/home/ilhan/ros2_ws/src/my_robot_controller' returned '0': PYTHONPATH=/home/ilhan/ros2_ws/build/my_robot_controller/prefix_override:/home/ilhan/ros2_ws/install/my_robot_controller/lib/python3.10/site-packages:${PYTHONPATH} /usr/bin/python3 setup.py egg_info --egg-base ../../build/my_robot_controller build --build-base /home/ilhan/ros2_ws/build/my_robot_controller/build install --record /home/ilhan/ros2_ws/build/my_robot_controller/install.log --single-version-externally-managed
