[7.523s] DEBUG:colcon:Command line arguments: ['/usr/bin/colcon', 'build']
[7.525s] DEBUG:colcon:Parsed command line arguments: Namespace(log_base=None, log_level=None, verb_name='build', build_base='build', install_base='install', merge_install=False, symlink_install=False, test_result_base=None, continue_on_error=False, executor='parallel', parallel_workers=4, event_handlers=None, ignore_user_meta=False, metas=['./colcon.meta'], base_paths=['.'], packages_ignore=None, packages_ignore_regex=None, paths=None, packages_up_to=None, packages_up_to_regex=None, packages_above=None, packages_above_and_dependencies=None, packages_above_depth=None, packages_select_by_dep=None, packages_skip_by_dep=None, packages_skip_up_to=None, packages_select_build_failed=False, packages_skip_build_finished=False, packages_select_test_failures=False, packages_skip_test_passed=False, packages_select=None, packages_skip=None, packages_select_regex=None, packages_skip_regex=None, packages_start=None, packages_end=None, allow_overriding=[], cmake_args=None, cmake_target=None, cmake_target_skip_unavailable=False, cmake_clean_cache=False, cmake_clean_first=False, cmake_force_configure=False, ament_cmake_args=None, catkin_cmake_args=None, catkin_skip_building_tests=False, verb_parser=<colcon_defaults.argument_parser.defaults.DefaultArgumentsDecorator object at 0x7f5ccbd8f250>, verb_extension=<colcon_core.verb.build.BuildVerb object at 0x7f5ccbf4ffa0>, main=<bound method BuildVerb.main of <colcon_core.verb.build.BuildVerb object at 0x7f5ccbf4ffa0>>)
[7.897s] Level 1:colcon.colcon_core.package_discovery:discover_packages(colcon_meta) check parameters
[7.897s] Level 1:colcon.colcon_core.package_discovery:discover_packages(recursive) check parameters
[7.897s] Level 1:colcon.colcon_core.package_discovery:discover_packages(ignore) check parameters
[7.897s] Level 1:colcon.colcon_core.package_discovery:discover_packages(path) check parameters
[7.897s] Level 1:colcon.colcon_core.package_discovery:discover_packages(colcon_meta) discover
[7.897s] Level 1:colcon.colcon_core.package_discovery:discover_packages(recursive) discover
[7.897s] INFO:colcon.colcon_core.package_discovery:Crawling recursively for packages in '/home/ilhan/ros2_ws'
[7.897s] Level 1:colcon.colcon_core.package_identification:_identify(.) by extensions ['ignore', 'ignore_ament_install']
[7.898s] Level 1:colcon.colcon_core.package_identification:_identify(.) by extension 'ignore'
[7.898s] Level 1:colcon.colcon_core.package_identification:_identify(.) by extension 'ignore_ament_install'
[7.898s] Level 1:colcon.colcon_core.package_identification:_identify(.) by extensions ['colcon_pkg']
[7.898s] Level 1:colcon.colcon_core.package_identification:_identify(.) by extension 'colcon_pkg'
[7.898s] Level 1:colcon.colcon_core.package_identification:_identify(.) by extensions ['colcon_meta']
[7.898s] Level 1:colcon.colcon_core.package_identification:_identify(.) by extension 'colcon_meta'
[7.898s] Level 1:colcon.colcon_core.package_identification:_identify(.) by extensions ['ros']
[7.898s] Level 1:colcon.colcon_core.package_identification:_identify(.) by extension 'ros'
[9.156s] Level 1:colcon.colcon_core.package_identification:_identify(.) by extensions ['cmake', 'python']
[9.156s] Level 1:colcon.colcon_core.package_identification:_identify(.) by extension 'cmake'
[9.156s] Level 1:colcon.colcon_core.package_identification:_identify(.) by extension 'python'
[9.157s] Level 1:colcon.colcon_core.package_identification:_identify(.) by extensions ['python_setup_py']
[9.157s] Level 1:colcon.colcon_core.package_identification:_identify(.) by extension 'python_setup_py'
[9.157s] Level 1:colcon.colcon_core.package_identification:_identify(build) by extensions ['ignore', 'ignore_ament_install']
[9.158s] Level 1:colcon.colcon_core.package_identification:_identify(build) by extension 'ignore'
[9.158s] Level 1:colcon.colcon_core.package_identification:_identify(build) ignored
[9.159s] Level 1:colcon.colcon_core.package_identification:_identify(install) by extensions ['ignore', 'ignore_ament_install']
[9.159s] Level 1:colcon.colcon_core.package_identification:_identify(install) by extension 'ignore'
[9.159s] Level 1:colcon.colcon_core.package_identification:_identify(install) ignored
[9.160s] Level 1:colcon.colcon_core.package_identification:_identify(log) by extensions ['ignore', 'ignore_ament_install']
[9.160s] Level 1:colcon.colcon_core.package_identification:_identify(log) by extension 'ignore'
[9.161s] Level 1:colcon.colcon_core.package_identification:_identify(log) ignored
[9.161s] Level 1:colcon.colcon_core.package_identification:_identify(src) by extensions ['ignore', 'ignore_ament_install']
[9.161s] Level 1:colcon.colcon_core.package_identification:_identify(src) by extension 'ignore'
[9.161s] Level 1:colcon.colcon_core.package_identification:_identify(src) by extension 'ignore_ament_install'
[9.162s] Level 1:colcon.colcon_core.package_identification:_identify(src) by extensions ['colcon_pkg']
[9.162s] Level 1:colcon.colcon_core.package_identification:_identify(src) by extension 'colcon_pkg'
[9.162s] Level 1:colcon.colcon_core.package_identification:_identify(src) by extensions ['colcon_meta']
[9.162s] Level 1:colcon.colcon_core.package_identification:_identify(src) by extension 'colcon_meta'
[9.162s] Level 1:colcon.colcon_core.package_identification:_identify(src) by extensions ['ros']
[9.162s] Level 1:colcon.colcon_core.package_identification:_identify(src) by extension 'ros'
[9.162s] Level 1:colcon.colcon_core.package_identification:_identify(src) by extensions ['cmake', 'python']
[9.162s] Level 1:colcon.colcon_core.package_identification:_identify(src) by extension 'cmake'
[9.162s] Level 1:colcon.colcon_core.package_identification:_identify(src) by extension 'python'
[9.162s] Level 1:colcon.colcon_core.package_identification:_identify(src) by extensions ['python_setup_py']
[9.162s] Level 1:colcon.colcon_core.package_identification:_identify(src) by extension 'python_setup_py'
[9.163s] Level 1:colcon.colcon_core.package_identification:_identify(src/my_robot_controller) by extensions ['ignore', 'ignore_ament_install']
[9.163s] Level 1:colcon.colcon_core.package_identification:_identify(src/my_robot_controller) by extension 'ignore'
[9.163s] Level 1:colcon.colcon_core.package_identification:_identify(src/my_robot_controller) by extension 'ignore_ament_install'
[9.163s] Level 1:colcon.colcon_core.package_identification:_identify(src/my_robot_controller) by extensions ['colcon_pkg']
[9.163s] Level 1:colcon.colcon_core.package_identification:_identify(src/my_robot_controller) by extension 'colcon_pkg'
[9.163s] Level 1:colcon.colcon_core.package_identification:_identify(src/my_robot_controller) by extensions ['colcon_meta']
[9.163s] Level 1:colcon.colcon_core.package_identification:_identify(src/my_robot_controller) by extension 'colcon_meta'
[9.164s] Level 1:colcon.colcon_core.package_identification:_identify(src/my_robot_controller) by extensions ['ros']
[9.164s] Level 1:colcon.colcon_core.package_identification:_identify(src/my_robot_controller) by extension 'ros'
[9.181s] DEBUG:colcon.colcon_core.package_identification:Package 'src/my_robot_controller' with type 'ros.ament_python' and name 'my_robot_controller'
[9.181s] Level 1:colcon.colcon_core.package_discovery:discover_packages(recursive) using defaults
[9.181s] Level 1:colcon.colcon_core.package_discovery:discover_packages(ignore) discover
[9.181s] Level 1:colcon.colcon_core.package_discovery:discover_packages(ignore) using defaults
[9.181s] Level 1:colcon.colcon_core.package_discovery:discover_packages(path) discover
[9.181s] Level 1:colcon.colcon_core.package_discovery:discover_packages(path) using defaults
[9.285s] Level 1:colcon.colcon_core.package_discovery:discover_packages(prefix_path) check parameters
[9.285s] Level 1:colcon.colcon_core.package_discovery:discover_packages(prefix_path) discover
[9.288s] DEBUG:colcon.colcon_installed_package_information.package_discovery:Found 0 installed packages in /home/ilhan/ros2_ws/install
[9.291s] DEBUG:colcon.colcon_installed_package_information.package_discovery:Found 270 installed packages in /opt/ros/humble
[9.294s] Level 1:colcon.colcon_core.package_discovery:discover_packages(prefix_path) using defaults
[10.929s] Level 5:colcon.colcon_core.verb:set package 'my_robot_controller' build argument 'cmake_args' from command line to 'None'
[10.929s] Level 5:colcon.colcon_core.verb:set package 'my_robot_controller' build argument 'cmake_target' from command line to 'None'
[10.929s] Level 5:colcon.colcon_core.verb:set package 'my_robot_controller' build argument 'cmake_target_skip_unavailable' from command line to 'False'
[10.929s] Level 5:colcon.colcon_core.verb:set package 'my_robot_controller' build argument 'cmake_clean_cache' from command line to 'False'
[10.929s] Level 5:colcon.colcon_core.verb:set package 'my_robot_controller' build argument 'cmake_clean_first' from command line to 'False'
[10.929s] Level 5:colcon.colcon_core.verb:set package 'my_robot_controller' build argument 'cmake_force_configure' from command line to 'False'
[10.929s] Level 5:colcon.colcon_core.verb:set package 'my_robot_controller' build argument 'ament_cmake_args' from command line to 'None'
[10.929s] Level 5:colcon.colcon_core.verb:set package 'my_robot_controller' build argument 'catkin_cmake_args' from command line to 'None'
[10.930s] Level 5:colcon.colcon_core.verb:set package 'my_robot_controller' build argument 'catkin_skip_building_tests' from command line to 'False'
[10.930s] DEBUG:colcon.colcon_core.verb:Building package 'my_robot_controller' with the following arguments: {'ament_cmake_args': None, 'build_base': '/home/ilhan/ros2_ws/build/my_robot_controller', 'catkin_cmake_args': None, 'catkin_skip_building_tests': False, 'cmake_args': None, 'cmake_clean_cache': False, 'cmake_clean_first': False, 'cmake_force_configure': False, 'cmake_target': None, 'cmake_target_skip_unavailable': False, 'install_base': '/home/ilhan/ros2_ws/install/my_robot_controller', 'merge_install': False, 'path': '/home/ilhan/ros2_ws/src/my_robot_controller', 'symlink_install': False, 'test_result_base': None}
[10.931s] INFO:colcon.colcon_core.executor:Executing jobs using 'parallel' executor
[10.937s] DEBUG:colcon.colcon_parallel_executor.executor.parallel:run_until_complete
[10.938s] INFO:colcon.colcon_ros.task.ament_python.build:Building ROS package in '/home/ilhan/ros2_ws/src/my_robot_controller' with build type 'ament_python'
[10.938s] Level 1:colcon.colcon_core.shell:create_environment_hook('my_robot_controller', 'ament_prefix_path')
[10.950s] INFO:colcon.colcon_core.plugin_system:Skipping extension 'colcon_core.shell.bat': Not used on non-Windows systems
[10.951s] INFO:colcon.colcon_core.shell:Creating environment hook '/home/ilhan/ros2_ws/install/my_robot_controller/share/my_robot_controller/hook/ament_prefix_path.ps1'
[11.244s] INFO:colcon.colcon_core.shell:Creating environment descriptor '/home/ilhan/ros2_ws/install/my_robot_controller/share/my_robot_controller/hook/ament_prefix_path.dsv'
[11.284s] INFO:colcon.colcon_core.shell:Creating environment hook '/home/ilhan/ros2_ws/install/my_robot_controller/share/my_robot_controller/hook/ament_prefix_path.sh'
[11.333s] INFO:colcon.colcon_core.shell:Skip shell extension 'powershell' for command environment: Not usable outside of PowerShell
[11.333s] DEBUG:colcon.colcon_core.shell:Skip shell extension 'dsv' for command environment
[14.988s] INFO:colcon.colcon_core.task.python.build:Building Python package in '/home/ilhan/ros2_ws/src/my_robot_controller'
[15.003s] INFO:colcon.colcon_core.shell:Skip shell extension 'powershell' for command environment: Not usable outside of PowerShell
[15.003s] DEBUG:colcon.colcon_core.shell:Skip shell extension 'dsv' for command environment
[20.357s] DEBUG:colcon.colcon_core.event_handler.log_command:Invoking command in '/home/ilhan/ros2_ws/src/my_robot_controller': PYTHONPATH=/home/ilhan/ros2_ws/build/my_robot_controller/prefix_override:/home/ilhan/ros2_ws/install/my_robot_controller/lib/python3.10/site-packages:${PYTHONPATH} /usr/bin/python3 setup.py egg_info --egg-base ../../build/my_robot_controller build --build-base /home/ilhan/ros2_ws/build/my_robot_controller/build install --record /home/ilhan/ros2_ws/build/my_robot_controller/install.log --single-version-externally-managed
[22.567s] DEBUG:colcon.colcon_core.event_handler.log_command:Invoked command in '/home/ilhan/ros2_ws/src/my_robot_controller' returned '0': PYTHONPATH=/home/ilhan/ros2_ws/build/my_robot_controller/prefix_override:/home/ilhan/ros2_ws/install/my_robot_controller/lib/python3.10/site-packages:${PYTHONPATH} /usr/bin/python3 setup.py egg_info --egg-base ../../build/my_robot_controller build --build-base /home/ilhan/ros2_ws/build/my_robot_controller/build install --record /home/ilhan/ros2_ws/build/my_robot_controller/install.log --single-version-externally-managed
[23.078s] Level 1:colcon.colcon_core.environment:checking '/home/ilhan/ros2_ws/install/my_robot_controller' for CMake module files
[23.079s] Level 1:colcon.colcon_core.environment:checking '/home/ilhan/ros2_ws/install/my_robot_controller' for CMake config files
[23.083s] Level 1:colcon.colcon_core.environment:checking '/home/ilhan/ros2_ws/install/my_robot_controller/lib'
[23.084s] Level 1:colcon.colcon_core.environment:checking '/home/ilhan/ros2_ws/install/my_robot_controller/bin'
[23.084s] Level 1:colcon.colcon_core.environment:checking '/home/ilhan/ros2_ws/install/my_robot_controller/lib/pkgconfig/my_robot_controller.pc'
[23.085s] Level 1:colcon.colcon_core.environment:checking '/home/ilhan/ros2_ws/install/my_robot_controller/lib/python3.10/site-packages'
[23.086s] Level 1:colcon.colcon_core.shell:create_environment_hook('my_robot_controller', 'pythonpath')
[23.090s] INFO:colcon.colcon_core.shell:Creating environment hook '/home/ilhan/ros2_ws/install/my_robot_controller/share/my_robot_controller/hook/pythonpath.ps1'
[23.102s] INFO:colcon.colcon_core.shell:Creating environment descriptor '/home/ilhan/ros2_ws/install/my_robot_controller/share/my_robot_controller/hook/pythonpath.dsv'
[23.102s] INFO:colcon.colcon_core.shell:Creating environment hook '/home/ilhan/ros2_ws/install/my_robot_controller/share/my_robot_controller/hook/pythonpath.sh'
[23.103s] Level 1:colcon.colcon_core.environment:checking '/home/ilhan/ros2_ws/install/my_robot_controller/bin'
[23.103s] Level 1:colcon.colcon_core.environment:create_environment_scripts_only(my_robot_controller)
[23.106s] INFO:colcon.colcon_core.shell:Creating package script '/home/ilhan/ros2_ws/install/my_robot_controller/share/my_robot_controller/package.ps1'
[23.125s] INFO:colcon.colcon_core.shell:Creating package descriptor '/home/ilhan/ros2_ws/install/my_robot_controller/share/my_robot_controller/package.dsv'
[23.148s] INFO:colcon.colcon_core.shell:Creating package script '/home/ilhan/ros2_ws/install/my_robot_controller/share/my_robot_controller/package.sh'
[23.151s] INFO:colcon.colcon_core.shell:Creating package script '/home/ilhan/ros2_ws/install/my_robot_controller/share/my_robot_controller/package.bash'
[23.174s] INFO:colcon.colcon_core.shell:Creating package script '/home/ilhan/ros2_ws/install/my_robot_controller/share/my_robot_controller/package.zsh'
[23.178s] Level 1:colcon.colcon_core.environment:create_file_with_runtime_dependencies(/home/ilhan/ros2_ws/install/my_robot_controller/share/colcon-core/packages/my_robot_controller)
[23.179s] DEBUG:colcon.colcon_parallel_executor.executor.parallel:closing loop
[23.180s] DEBUG:colcon.colcon_parallel_executor.executor.parallel:loop closed
[23.180s] DEBUG:colcon.colcon_parallel_executor.executor.parallel:run_until_complete finished with '0'
[23.180s] DEBUG:colcon.colcon_core.event_reactor:joining thread
[23.221s] INFO:colcon.colcon_core.plugin_system:Skipping extension 'colcon_notification.desktop_notification.terminal_notifier': Not used on non-Darwin systems
[23.222s] INFO:colcon.colcon_core.plugin_system:Skipping extension 'colcon_notification.desktop_notification.win32': Not used on non-Windows systems
[23.222s] INFO:colcon.colcon_notification.desktop_notification:Sending desktop notification using 'notify2'
[23.503s] DEBUG:colcon.colcon_core.event_reactor:joined thread
[23.506s] INFO:colcon.colcon_core.shell:Creating prefix script '/home/ilhan/ros2_ws/install/local_setup.ps1'
[23.523s] INFO:colcon.colcon_core.shell:Creating prefix util module '/home/ilhan/ros2_ws/install/_local_setup_util_ps1.py'
[23.529s] INFO:colcon.colcon_core.shell:Creating prefix chain script '/home/ilhan/ros2_ws/install/setup.ps1'
[23.531s] INFO:colcon.colcon_core.shell:Creating prefix script '/home/ilhan/ros2_ws/install/local_setup.sh'
[23.532s] INFO:colcon.colcon_core.shell:Creating prefix util module '/home/ilhan/ros2_ws/install/_local_setup_util_sh.py'
[23.533s] INFO:colcon.colcon_core.shell:Creating prefix chain script '/home/ilhan/ros2_ws/install/setup.sh'
[23.535s] INFO:colcon.colcon_core.shell:Creating prefix script '/home/ilhan/ros2_ws/install/local_setup.bash'
[23.537s] INFO:colcon.colcon_core.shell:Creating prefix chain script '/home/ilhan/ros2_ws/install/setup.bash'
[23.539s] INFO:colcon.colcon_core.shell:Creating prefix script '/home/ilhan/ros2_ws/install/local_setup.zsh'
[23.540s] INFO:colcon.colcon_core.shell:Creating prefix chain script '/home/ilhan/ros2_ws/install/setup.zsh'
